<?xml version="1.0" encoding="UTF-8"?>
<testng-results ignored="0" total="6" passed="5" failed="1" skipped="0">
  <reporter-output>
  </reporter-output>
  <suite started-at="2022-03-06T22:22:49 IST" name="Surefire suite" finished-at="2022-03-06T22:23:37 IST" duration-ms="48600">
    <groups>
    </groups>
    <test started-at="2022-03-06T22:22:49 IST" name="Surefire test" finished-at="2022-03-06T22:23:37 IST" duration-ms="48600">
      <class name="testCases.testCasesMobileAssignment">
        <test-method is-config="true" signature="Android_Setup()[pri:0, instance:testCases.testCasesMobileAssignment@37ceb1df]" started-at="2022-03-06T22:22:49 IST" name="Android_Setup" finished-at="2022-03-06T22:23:05 IST" duration-ms="15882" status="PASS">
          <reporter-output>
          </reporter-output>
        </test-method> <!-- Android_Setup -->
        <test-method signature="test_01_homePage_is_displayed()[pri:0, instance:testCases.testCasesMobileAssignment@37ceb1df]" started-at="2022-03-06T22:23:05 IST" name="test_01_homePage_is_displayed" finished-at="2022-03-06T22:23:08 IST" duration-ms="3853" status="PASS">
          <reporter-output>
          </reporter-output>
        </test-method> <!-- test_01_homePage_is_displayed -->
        <test-method signature="test_02_CityListInHomeViewIsScrollable()[pri:0, instance:testCases.testCasesMobileAssignment@37ceb1df]" started-at="2022-03-06T22:23:08 IST" name="test_02_CityListInHomeViewIsScrollable" finished-at="2022-03-06T22:23:18 IST" duration-ms="9548" status="PASS">
          <reporter-output>
          </reporter-output>
        </test-method> <!-- test_02_CityListInHomeViewIsScrollable -->
        <test-method signature="test_03_CitySearchWhichIsNotPartOfList()[pri:0, instance:testCases.testCasesMobileAssignment@37ceb1df]" started-at="2022-03-06T22:23:18 IST" name="test_03_CitySearchWhichIsNotPartOfList" finished-at="2022-03-06T22:23:22 IST" duration-ms="4132" status="PASS">
          <reporter-output>
          </reporter-output>
        </test-method> <!-- test_03_CitySearchWhichIsNotPartOfList -->
        <test-method signature="test_04_SearchCityNameAlongWithCountryCode()[pri:0, instance:testCases.testCasesMobileAssignment@37ceb1df]" started-at="2022-03-06T22:23:22 IST" name="test_04_SearchCityNameAlongWithCountryCode" finished-at="2022-03-06T22:23:26 IST" duration-ms="4035" status="FAIL">
          <exception class="org.openqa.selenium.NoSuchElementException">
            <message>
              <![CDATA[Can't locate an element by this strategy: By.chained({By.xpath: //android.widget.TextView[@text='Bangalore, IN']})]]>
            </message>
            <full-stacktrace>
              <![CDATA[org.openqa.selenium.NoSuchElementException: Can't locate an element by this strategy: By.chained({By.xpath: //android.widget.TextView[@text='Bangalore, IN']})
at io.appium.java_client.pagefactory.AppiumElementLocator.findElement(AppiumElementLocator.java:126)
at io.appium.java_client.pagefactory.interceptors.InterceptorOfASingleElement.intercept(InterceptorOfASingleElement.java:59)
at io.appium.java_client.android.AndroidElement$$EnhancerByCGLIB$$b598166c.isDisplayed(<generated>)
at testCases.testCasesMobileAssignment.test_04_SearchCityNameAlongWithCountryCode(testCasesMobileAssignment.java:51)
at java.base/jdk.internal.reflect.NativeMethodAccessorImpl.invoke0(Native Method)
at java.base/jdk.internal.reflect.NativeMethodAccessorImpl.invoke(NativeMethodAccessorImpl.java:62)
at java.base/jdk.internal.reflect.DelegatingMethodAccessorImpl.invoke(DelegatingMethodAccessorImpl.java:43)
at java.base/java.lang.reflect.Method.invoke(Method.java:566)
at org.testng.internal.MethodInvocationHelper.invokeMethod(MethodInvocationHelper.java:132)
at org.testng.internal.TestInvoker.invokeMethod(TestInvoker.java:599)
at org.testng.internal.TestInvoker.invokeTestMethod(TestInvoker.java:174)
at org.testng.internal.MethodRunner.runInSequence(MethodRunner.java:46)
at org.testng.internal.TestInvoker$MethodInvocationAgent.invoke(TestInvoker.java:822)
at org.testng.internal.TestInvoker.invokeTestMethods(TestInvoker.java:147)
at org.testng.internal.TestMethodWorker.invokeTestMethods(TestMethodWorker.java:146)
at org.testng.internal.TestMethodWorker.run(TestMethodWorker.java:128)
at java.base/java.util.ArrayList.forEach(ArrayList.java:1541)
at org.testng.TestRunner.privateRun(TestRunner.java:764)
at org.testng.TestRunner.run(TestRunner.java:585)
at org.testng.SuiteRunner.runTest(SuiteRunner.java:384)
at org.testng.SuiteRunner.runSequentially(SuiteRunner.java:378)
at org.testng.SuiteRunner.privateRun(SuiteRunner.java:337)
at org.testng.SuiteRunner.run(SuiteRunner.java:286)
at org.testng.SuiteRunnerWorker.runSuite(SuiteRunnerWorker.java:53)
at org.testng.SuiteRunnerWorker.run(SuiteRunnerWorker.java:96)
at org.testng.TestNG.runSuitesSequentially(TestNG.java:1218)
at org.testng.TestNG.runSuitesLocally(TestNG.java:1140)
at org.testng.TestNG.runSuites(TestNG.java:1069)
at org.testng.TestNG.run(TestNG.java:1037)
at org.apache.maven.surefire.testng.TestNGExecutor.run(TestNGExecutor.java:136)
at org.apache.maven.surefire.testng.TestNGDirectoryTestSuite.executeSingleClass(TestNGDirectoryTestSuite.java:112)
at org.apache.maven.surefire.testng.TestNGDirectoryTestSuite.execute(TestNGDirectoryTestSuite.java:99)
at org.apache.maven.surefire.testng.TestNGProvider.invoke(TestNGProvider.java:145)
at org.apache.maven.surefire.booter.ForkedBooter.runSuitesInProcess(ForkedBooter.java:428)
at org.apache.maven.surefire.booter.ForkedBooter.execute(ForkedBooter.java:162)
at org.apache.maven.surefire.booter.ForkedBooter.run(ForkedBooter.java:562)
at org.apache.maven.surefire.booter.ForkedBooter.main(ForkedBooter.java:548)
Caused by: org.openqa.selenium.TimeoutException: Expected condition failed: waiting for io.appium.java_client.pagefactory.AppiumElementLocator$WaitingFunction@6c2f1700 (tried for 1 second(s) with 500 milliseconds interval)
at org.openqa.selenium.support.ui.FluentWait.timeoutException(FluentWait.java:304)
at org.openqa.selenium.support.ui.FluentWait.until(FluentWait.java:272)
at io.appium.java_client.pagefactory.AppiumElementLocator.waitFor(AppiumElementLocator.java:99)
at io.appium.java_client.pagefactory.AppiumElementLocator.findElement(AppiumElementLocator.java:119)
... 36 more
Caused by: org.openqa.selenium.NoSuchElementException: Cannot locate an element using By.chained({By.xpath: //android.widget.TextView[@text='Bangalore, IN']})
For documentation on this error, please visit: https://www.seleniumhq.org/exceptions/no_such_element.html
Build info: version: '3.141.59', revision: 'e82be7d358', time: '2018-11-14T08:17:03'
System info: host: 'PULIGILLA', ip: '192.168.1.100', os.name: 'Windows 10', os.arch: 'amd64', os.version: '10.0', java.version: '11.0.14'
Driver info: driver.version: AndroidDriver
at io.appium.java_client.pagefactory.bys.builder.ByChained.findElement(ByChained.java:74)
at org.openqa.selenium.remote.RemoteWebDriver.findElement(RemoteWebDriver.java:315)
at io.appium.java_client.DefaultGenericMobileDriver.findElement(DefaultGenericMobileDriver.java:57)
at io.appium.java_client.AppiumDriver.findElement(AppiumDriver.java:1)
at io.appium.java_client.android.AndroidDriver.findElement(AndroidDriver.java:1)
at io.appium.java_client.pagefactory.bys.ContentMappedBy.findElement(ContentMappedBy.java:50)
at org.openqa.selenium.remote.RemoteWebDriver.findElement(RemoteWebDriver.java:315)
at io.appium.java_client.DefaultGenericMobileDriver.findElement(DefaultGenericMobileDriver.java:57)
at io.appium.java_client.AppiumDriver.findElement(AppiumDriver.java:1)
at io.appium.java_client.android.AndroidDriver.findElement(AndroidDriver.java:1)
at io.appium.java_client.pagefactory.AppiumElementLocator.lambda$0(AppiumElementLocator.java:120)
at io.appium.java_client.pagefactory.AppiumElementLocator$WaitingFunction.apply(AppiumElementLocator.java:172)
at io.appium.java_client.pagefactory.AppiumElementLocator$WaitingFunction.apply(AppiumElementLocator.java:1)
at org.openqa.selenium.support.ui.FluentWait.until(FluentWait.java:249)
... 38 more
]]>
            </full-stacktrace>
          </exception> <!-- org.openqa.selenium.NoSuchElementException -->
          <reporter-output>
          </reporter-output>
        </test-method> <!-- test_04_SearchCityNameAlongWithCountryCode -->
        <test-method signature="test_05_SearchCityNameByEnteringSpecialCharacters()[pri:0, instance:testCases.testCasesMobileAssignment@37ceb1df]" started-at="2022-03-06T22:23:26 IST" name="test_05_SearchCityNameByEnteringSpecialCharacters" finished-at="2022-03-06T22:23:31 IST" duration-ms="4952" status="PASS">
          <reporter-output>
          </reporter-output>
        </test-method> <!-- test_05_SearchCityNameByEnteringSpecialCharacters -->
        <test-method signature="test_06_SwitchToMapViewFromHomeView()[pri:0, instance:testCases.testCasesMobileAssignment@37ceb1df]" started-at="2022-03-06T22:23:31 IST" name="test_06_SwitchToMapViewFromHomeView" finished-at="2022-03-06T22:23:36 IST" duration-ms="5423" status="PASS">
          <reporter-output>
          </reporter-output>
        </test-method> <!-- test_06_SwitchToMapViewFromHomeView -->
        <test-method is-config="true" signature="androidDriverTeardown()[pri:0, instance:testCases.testCasesMobileAssignment@37ceb1df]" started-at="2022-03-06T22:23:37 IST" name="androidDriverTeardown" finished-at="2022-03-06T22:23:37 IST" duration-ms="717" status="PASS">
          <reporter-output>
          </reporter-output>
        </test-method> <!-- androidDriverTeardown -->
      </class> <!-- testCases.testCasesMobileAssignment -->
    </test> <!-- Surefire test -->
  </suite> <!-- Surefire suite -->
</testng-results>
